<?xml version="1.0" encoding="UTF-8" standalone="no"?><testsuite errors="1" failures="0" name="Open web page" skipped="0" tests="1" time="8.95" timestamp="2025-10-02 08:20:22"><testcase name="Ingresar fecha en el campo"><error message="Cannot invoke &quot;Object.getClass()&quot; because &quot;object&quot; is null" type="java.lang.NullPointerException">Cannot invoke "Object.getClass()" because "object" is null</error><system-err>Cannot invoke "Object.getClass()" because "object" is null&#13;
co.com.screenplay.project.tasks.TypeDate.with(TypeDate.java:25)&#13;
co.com.screenplay.project.stepdefinitions.OpenWebStepDefinition.ingresaLaFecha(OpenWebStepDefinition.java:75)&#13;
✽.Ingresa la fecha 2024-12-22 en el campo(file:///D:/Automation/SQA/screenplay/src/test/resources/features/openweb.feature:24)&#13;
</system-err></testcase></testsuite>